C:\USERS\SUOMI\DOCUMENTS\VISUAL STUDIO 2012\PROJECTS\LABA3-MIKOLADZE-IST-101\TASK1-3\DEBUG\TASK1-3.PCH
C:\USERS\SUOMI\DOCUMENTS\VISUAL STUDIO 2012\PROJECTS\LABA3-MIKOLADZE-IST-101\TASK1-3\DEBUG\STDAFX.OBJ
C:\USERS\SUOMI\DOCUMENTS\VISUAL STUDIO 2012\PROJECTS\LABA3-MIKOLADZE-IST-101\TASK1-3\DEBUG\VC110.PDB
C:\USERS\SUOMI\DOCUMENTS\VISUAL STUDIO 2012\PROJECTS\LABA3-MIKOLADZE-IST-101\TASK1-3\DEBUG\FUNCTION.OBJ
C:\Users\Suomi\documents\visual studio 2012\Projects\Laba3-Mikoladze-IST-101\Task1-3\Debug\Function.obj
C:\Users\Suomi\documents\visual studio 2012\Projects\Laba3-Mikoladze-IST-101\Task1-3\Debug\stdafx.obj
C:\Users\Suomi\documents\visual studio 2012\Projects\Laba3-Mikoladze-IST-101\Task1-3\Debug\cl.command.1.tlog
C:\Users\Suomi\documents\visual studio 2012\Projects\Laba3-Mikoladze-IST-101\Task1-3\Debug\CL.read.1.tlog
C:\Users\Suomi\documents\visual studio 2012\Projects\Laba3-Mikoladze-IST-101\Task1-3\Debug\CL.write.1.tlog
C:\Users\Suomi\documents\visual studio 2012\Projects\Laba3-Mikoladze-IST-101\Task1-3\Debug\link-cvtres.read.1.tlog
C:\Users\Suomi\documents\visual studio 2012\Projects\Laba3-Mikoladze-IST-101\Task1-3\Debug\link-cvtres.write.1.tlog
C:\Users\Suomi\documents\visual studio 2012\Projects\Laba3-Mikoladze-IST-101\Task1-3\Debug\link-rc.read.1.tlog
C:\Users\Suomi\documents\visual studio 2012\Projects\Laba3-Mikoladze-IST-101\Task1-3\Debug\link-rc.write.1.tlog
C:\Users\Suomi\documents\visual studio 2012\Projects\Laba3-Mikoladze-IST-101\Task1-3\Debug\link.command.1.tlog
C:\Users\Suomi\documents\visual studio 2012\Projects\Laba3-Mikoladze-IST-101\Task1-3\Debug\link.read.1.tlog
C:\Users\Suomi\documents\visual studio 2012\Projects\Laba3-Mikoladze-IST-101\Task1-3\Debug\link.write.1.tlog
C:\Users\Suomi\documents\visual studio 2012\Projects\Laba3-Mikoladze-IST-101\Task1-3\Debug\Task1-3.pch
C:\Users\Suomi\documents\visual studio 2012\Projects\Laba3-Mikoladze-IST-101\Task1-3\Debug\vc110.idb
C:\Users\Suomi\documents\visual studio 2012\Projects\Laba3-Mikoladze-IST-101\Task1-3\Debug\vc110.pdb
C:\Users\Suomi\documents\visual studio 2012\Projects\Laba3-Mikoladze-IST-101\Debug\Task1-3.pdb
