C:\USERS\SUOMI\DOCUMENTS\VISUAL STUDIO 2012\PROJECTS\LABA3-MIKOLADZE-IST-101\LABA3-MIKOLADZE-IST-101\DEBUG\LABA3-MIKOLADZE-IST-101.PCH
C:\USERS\SUOMI\DOCUMENTS\VISUAL STUDIO 2012\PROJECTS\LABA3-MIKOLADZE-IST-101\LABA3-MIKOLADZE-IST-101\DEBUG\STDAFX.OBJ
C:\USERS\SUOMI\DOCUMENTS\VISUAL STUDIO 2012\PROJECTS\LABA3-MIKOLADZE-IST-101\LABA3-MIKOLADZE-IST-101\DEBUG\VC110.PDB
C:\USERS\SUOMI\DOCUMENTS\VISUAL STUDIO 2012\PROJECTS\LABA3-MIKOLADZE-IST-101\LABA3-MIKOLADZE-IST-101\DEBUG\TASK1-1.PCH
C:\USERS\SUOMI\DOCUMENTS\VISUAL STUDIO 2012\PROJECTS\LABA3-MIKOLADZE-IST-101\LABA3-MIKOLADZE-IST-101\DEBUG\LABA3-MIKOLADZE-IST-101.OBJ
C:\USERS\SUOMI\DOCUMENTS\VISUAL STUDIO 2012\PROJECTS\LABA3-MIKOLADZE-IST-101\DEBUG\LABA3-MIKOLADZE-IST-101.ILK
C:\USERS\SUOMI\DOCUMENTS\VISUAL STUDIO 2012\PROJECTS\LABA3-MIKOLADZE-IST-101\DEBUG\LABA3-MIKOLADZE-IST-101.EXE
C:\USERS\SUOMI\DOCUMENTS\VISUAL STUDIO 2012\PROJECTS\LABA3-MIKOLADZE-IST-101\DEBUG\LABA3-MIKOLADZE-IST-101.PDB
C:\USERS\SUOMI\DOCUMENTS\VISUAL STUDIO 2012\PROJECTS\LABA3-MIKOLADZE-IST-101\DEBUG\TASK1-1.ILK
C:\USERS\SUOMI\DOCUMENTS\VISUAL STUDIO 2012\PROJECTS\LABA3-MIKOLADZE-IST-101\DEBUG\TASK1-1.EXE
C:\USERS\SUOMI\DOCUMENTS\VISUAL STUDIO 2012\PROJECTS\LABA3-MIKOLADZE-IST-101\DEBUG\TASK1-1.PDB
C:\Users\Suomi\documents\visual studio 2012\Projects\Laba3-Mikoladze-IST-101\Laba3-Mikoladze-IST-101\Debug\Laba3-Mikoladze-IST-101.obj
C:\Users\Suomi\documents\visual studio 2012\Projects\Laba3-Mikoladze-IST-101\Laba3-Mikoladze-IST-101\Debug\stdafx.obj
C:\Users\Suomi\documents\visual studio 2012\Projects\Laba3-Mikoladze-IST-101\Laba3-Mikoladze-IST-101\Debug\cl.command.1.tlog
C:\Users\Suomi\documents\visual studio 2012\Projects\Laba3-Mikoladze-IST-101\Laba3-Mikoladze-IST-101\Debug\CL.read.1.tlog
C:\Users\Suomi\documents\visual studio 2012\Projects\Laba3-Mikoladze-IST-101\Laba3-Mikoladze-IST-101\Debug\CL.write.1.tlog
C:\Users\Suomi\documents\visual studio 2012\Projects\Laba3-Mikoladze-IST-101\Laba3-Mikoladze-IST-101\Debug\link-cvtres.read.1.tlog
C:\Users\Suomi\documents\visual studio 2012\Projects\Laba3-Mikoladze-IST-101\Laba3-Mikoladze-IST-101\Debug\link-cvtres.write.1.tlog
C:\Users\Suomi\documents\visual studio 2012\Projects\Laba3-Mikoladze-IST-101\Laba3-Mikoladze-IST-101\Debug\link-rc.read.1.tlog
C:\Users\Suomi\documents\visual studio 2012\Projects\Laba3-Mikoladze-IST-101\Laba3-Mikoladze-IST-101\Debug\link-rc.write.1.tlog
C:\Users\Suomi\documents\visual studio 2012\Projects\Laba3-Mikoladze-IST-101\Laba3-Mikoladze-IST-101\Debug\link.command.1.tlog
C:\Users\Suomi\documents\visual studio 2012\Projects\Laba3-Mikoladze-IST-101\Laba3-Mikoladze-IST-101\Debug\link.read.1.tlog
C:\Users\Suomi\documents\visual studio 2012\Projects\Laba3-Mikoladze-IST-101\Laba3-Mikoladze-IST-101\Debug\link.write.1.tlog
C:\Users\Suomi\documents\visual studio 2012\Projects\Laba3-Mikoladze-IST-101\Laba3-Mikoladze-IST-101\Debug\Laba3-Mikoladze-IST-101.pch
C:\Users\Suomi\documents\visual studio 2012\Projects\Laba3-Mikoladze-IST-101\Laba3-Mikoladze-IST-101\Debug\Task1-1.pch
C:\Users\Suomi\documents\visual studio 2012\Projects\Laba3-Mikoladze-IST-101\Laba3-Mikoladze-IST-101\Debug\vc110.idb
C:\Users\Suomi\documents\visual studio 2012\Projects\Laba3-Mikoladze-IST-101\Laba3-Mikoladze-IST-101\Debug\vc110.pdb
C:\Users\Suomi\documents\visual studio 2012\Projects\Laba3-Mikoladze-IST-101\Debug\Task1-1.pdb
C:\Users\Suomi\documents\visual studio 2012\Projects\Laba3-Mikoladze-IST-101\Debug\Task1-1.exe
C:\Users\Suomi\documents\visual studio 2012\Projects\Laba3-Mikoladze-IST-101\Debug\Task1-1.ilk
