C:\USERS\SUOMI\DOCUMENTS\VISUAL STUDIO 2012\PROJECTS\LABA3-MIKOLADZE-IST-101\TASK1-2\DEBUG\TASK1-2.PCH
C:\USERS\SUOMI\DOCUMENTS\VISUAL STUDIO 2012\PROJECTS\LABA3-MIKOLADZE-IST-101\TASK1-2\DEBUG\STDAFX.OBJ
C:\USERS\SUOMI\DOCUMENTS\VISUAL STUDIO 2012\PROJECTS\LABA3-MIKOLADZE-IST-101\TASK1-2\DEBUG\VC110.PDB
C:\USERS\SUOMI\DOCUMENTS\VISUAL STUDIO 2012\PROJECTS\LABA3-MIKOLADZE-IST-101\TASK1-2\DEBUG\TASK1-2.OBJ
C:\USERS\SUOMI\DOCUMENTS\VISUAL STUDIO 2012\PROJECTS\LABA3-MIKOLADZE-IST-101\DEBUG\TASK1-2.ILK
C:\USERS\SUOMI\DOCUMENTS\VISUAL STUDIO 2012\PROJECTS\LABA3-MIKOLADZE-IST-101\DEBUG\TASK1-2.EXE
C:\USERS\SUOMI\DOCUMENTS\VISUAL STUDIO 2012\PROJECTS\LABA3-MIKOLADZE-IST-101\DEBUG\TASK1-2.PDB
C:\Users\Suomi\documents\visual studio 2012\Projects\Laba3-Mikoladze-IST-101\Task1-2\Debug\stdafx.obj
C:\Users\Suomi\documents\visual studio 2012\Projects\Laba3-Mikoladze-IST-101\Task1-2\Debug\Task1-2.obj
C:\Users\Suomi\documents\visual studio 2012\Projects\Laba3-Mikoladze-IST-101\Task1-2\Debug\cl.command.1.tlog
C:\Users\Suomi\documents\visual studio 2012\Projects\Laba3-Mikoladze-IST-101\Task1-2\Debug\CL.read.1.tlog
C:\Users\Suomi\documents\visual studio 2012\Projects\Laba3-Mikoladze-IST-101\Task1-2\Debug\CL.write.1.tlog
C:\Users\Suomi\documents\visual studio 2012\Projects\Laba3-Mikoladze-IST-101\Task1-2\Debug\link-cvtres.read.1.tlog
C:\Users\Suomi\documents\visual studio 2012\Projects\Laba3-Mikoladze-IST-101\Task1-2\Debug\link-cvtres.write.1.tlog
C:\Users\Suomi\documents\visual studio 2012\Projects\Laba3-Mikoladze-IST-101\Task1-2\Debug\link-rc.read.1.tlog
C:\Users\Suomi\documents\visual studio 2012\Projects\Laba3-Mikoladze-IST-101\Task1-2\Debug\link-rc.write.1.tlog
C:\Users\Suomi\documents\visual studio 2012\Projects\Laba3-Mikoladze-IST-101\Task1-2\Debug\link.command.1.tlog
C:\Users\Suomi\documents\visual studio 2012\Projects\Laba3-Mikoladze-IST-101\Task1-2\Debug\link.read.1.tlog
C:\Users\Suomi\documents\visual studio 2012\Projects\Laba3-Mikoladze-IST-101\Task1-2\Debug\link.write.1.tlog
C:\Users\Suomi\documents\visual studio 2012\Projects\Laba3-Mikoladze-IST-101\Task1-2\Debug\Task1-2.pch
C:\Users\Suomi\documents\visual studio 2012\Projects\Laba3-Mikoladze-IST-101\Task1-2\Debug\vc110.idb
C:\Users\Suomi\documents\visual studio 2012\Projects\Laba3-Mikoladze-IST-101\Task1-2\Debug\vc110.pdb
C:\Users\Suomi\documents\visual studio 2012\Projects\Laba3-Mikoladze-IST-101\Debug\Task1-2.pdb
C:\Users\Suomi\documents\visual studio 2012\Projects\Laba3-Mikoladze-IST-101\Debug\Task1-2.exe
C:\Users\Suomi\documents\visual studio 2012\Projects\Laba3-Mikoladze-IST-101\Debug\Task1-2.ilk
